<?xml version="1.0" encoding="UTF-8"?>
<!-- Generated by org.testng.reporters.JUnitXMLReporter -->
<testsuite ignored="0" hostname="DESKTOP-802VLA7" failures="0" tests="2" name="checkOut_Validations" time="60.438" errors="0" timestamp="2024-07-06T13:40:14 IST">
  <testcase classname="EcommerceProject.Test.Checkoutexecution" name="checkOutTest1" time="20.421"/>
  <testcase classname="EcommerceProject.Test.Checkoutexecution" name="chreckOutTest2" time="17.986"/>
</testsuite> <!-- checkOut_Validations -->
