<?xml version="1.0" encoding="UTF-8"?>
<!-- Generated by org.testng.reporters.JUnitXMLReporter -->
<testsuite ignored="0" hostname="DESKTOP-802VLA7" failures="0" tests="4" name="Register_Validations" time="145.514" errors="0" timestamp="2024-07-06T13:37:43 IST">
  <testcase classname="EcommerceProject.Test.Registrationexecution" name="registerTest1" time="5.377"/>
  <testcase classname="EcommerceProject.Test.Registrationexecution" name="registerTest1" time="5.419"/>
  <testcase classname="EcommerceProject.Test.Registrationexecution" name="registerTest2" time="2.336"/>
  <testcase classname="EcommerceProject.Test.Registrationexecution" name="registerTest3" time="93.256"/>
</testsuite> <!-- Register_Validations -->
